2015-09-24 22:57:47,578 DEBUG *** gcodegenerator.py started ***
2015-09-24 22:57:47,578 DEBUG *** ------------------------- ***
2015-09-24 22:57:47,578 DEBUG json files loaded
2015-09-24 22:57:47,578 DEBUG input file is: /Users/gnexlab_imac/code/dlp_raspi/RaspiDLP/nodeDLP/downloadDir/Archive.zip
2015-09-24 22:57:47,645 DEBUG input file unziped to: /Users/gnexlab_imac/code/dlp_raspi/RaspiDLP/nodeDLP/printDataDir
2015-09-24 22:57:47,647 DEBUG number number_of_slices: 99
2015-09-24 22:57:47,648 DEBUG gcode generated and saved to /Users/gnexlab_imac/code/dlp_raspi/RaspiDLP/nodeDLP/printDataDir/gcodefile.txt
2015-09-24 22:57:47,648 DEBUG *** gcodegenerator.py ended ***
2015-09-24 23:03:21,658 DEBUG *** gcodegenerator.py started ***
2015-09-24 23:03:21,658 DEBUG *** ------------------------- ***
2015-09-24 23:03:21,659 DEBUG json files loaded
2015-09-24 23:03:21,659 DEBUG input file is: /Users/gnexlab_imac/code/dlp_raspi/RaspiDLP/nodeDLP/downloadDir/Archive.zip
2015-09-24 23:03:21,692 DEBUG input file unziped to: /Users/gnexlab_imac/code/dlp_raspi/RaspiDLP/nodeDLP/printDataDir
2015-09-24 23:03:21,693 DEBUG number number_of_slices: 99
2015-09-24 23:03:21,695 DEBUG gcode generated and saved to /Users/gnexlab_imac/code/dlp_raspi/RaspiDLP/nodeDLP/printDataDir/gcodefile.txt
2015-09-24 23:03:21,695 DEBUG *** gcodegenerator.py ended ***
2015-09-24 23:05:56,723 DEBUG *** gcodegenerator.py started ***
2015-09-24 23:05:56,723 DEBUG *** ------------------------- ***
2015-09-24 23:05:56,724 DEBUG json files loaded
2015-09-24 23:05:56,724 DEBUG input file is: /Users/gnexlab_imac/code/dlp_raspi/RaspiDLP/nodeDLP/downloadDir/Archive.zip
2015-09-24 23:05:56,757 DEBUG input file unziped to: /Users/gnexlab_imac/code/dlp_raspi/RaspiDLP/nodeDLP/printDataDir
2015-09-24 23:05:56,758 DEBUG number number_of_slices: 99
2015-09-24 23:05:56,759 DEBUG gcode generated and saved to /Users/gnexlab_imac/code/dlp_raspi/RaspiDLP/nodeDLP/printDataDir/gcodefile.txt
2015-09-24 23:05:56,759 DEBUG *** gcodegenerator.py ended ***
2015-09-24 23:08:32,172 DEBUG *** gcodegenerator.py started ***
2015-09-24 23:08:32,172 DEBUG *** ------------------------- ***
2015-09-24 23:08:32,172 DEBUG json files loaded
2015-09-24 23:08:32,172 DEBUG input file is: /Users/gnexlab_imac/code/dlp_raspi/RaspiDLP/nodeDLP/downloadDir/Archive.zip
2015-09-24 23:08:32,204 DEBUG input file unziped to: /Users/gnexlab_imac/code/dlp_raspi/RaspiDLP/nodeDLP/printDataDir
2015-09-24 23:08:32,205 DEBUG number number_of_slices: 99
2015-09-24 23:08:32,207 DEBUG gcode generated and saved to /Users/gnexlab_imac/code/dlp_raspi/RaspiDLP/nodeDLP/printDataDir/gcodefile.txt
2015-09-24 23:08:32,207 DEBUG *** gcodegenerator.py ended ***
2015-09-24 23:09:41,561 DEBUG *** gcodegenerator.py started ***
2015-09-24 23:09:41,561 DEBUG *** ------------------------- ***
2015-09-24 23:09:41,561 DEBUG json files loaded
2015-09-24 23:09:41,561 DEBUG input file is: /Users/gnexlab_imac/code/dlp_raspi/RaspiDLP/nodeDLP/downloadDir/Archive.zip
2015-09-24 23:09:41,623 DEBUG input file unziped to: /Users/gnexlab_imac/code/dlp_raspi/RaspiDLP/nodeDLP/printDataDir
2015-09-24 23:09:41,624 DEBUG number number_of_slices: 99
2015-09-24 23:09:41,625 DEBUG gcode generated and saved to /Users/gnexlab_imac/code/dlp_raspi/RaspiDLP/nodeDLP/printDataDir/gcodefile.txt
2015-09-24 23:09:41,626 DEBUG *** gcodegenerator.py ended ***
2015-09-24 23:12:01,860 DEBUG *** gcodegenerator.py started ***
2015-09-24 23:12:01,860 DEBUG *** ------------------------- ***
2015-09-24 23:12:01,860 DEBUG json files loaded
2015-09-24 23:12:01,861 DEBUG input file is: /Users/gnexlab_imac/code/dlp_raspi/RaspiDLP/nodeDLP/downloadDir/Archive.zip
2015-09-24 23:12:01,899 DEBUG input file unziped to: /Users/gnexlab_imac/code/dlp_raspi/RaspiDLP/nodeDLP/printDataDir
2015-09-24 23:12:01,900 DEBUG number number_of_slices: 99
2015-09-24 23:12:01,901 DEBUG gcode generated and saved to /Users/gnexlab_imac/code/dlp_raspi/RaspiDLP/nodeDLP/printDataDir/gcodefile.txt
2015-09-24 23:12:01,901 DEBUG *** gcodegenerator.py ended ***
2015-09-24 23:14:11,664 DEBUG *** gcodegenerator.py started ***
2015-09-24 23:14:11,664 DEBUG *** ------------------------- ***
2015-09-24 23:14:11,664 DEBUG json files loaded
2015-09-24 23:14:11,664 DEBUG input file is: /Users/gnexlab_imac/code/dlp_raspi/RaspiDLP/nodeDLP/downloadDir/Archive.zip
2015-09-24 23:14:11,697 DEBUG input file unziped to: /Users/gnexlab_imac/code/dlp_raspi/RaspiDLP/nodeDLP/printDataDir
2015-09-24 23:14:11,698 DEBUG number number_of_slices: 99
2015-09-24 23:14:11,699 DEBUG gcode generated and saved to /Users/gnexlab_imac/code/dlp_raspi/RaspiDLP/nodeDLP/printDataDir/gcodefile.txt
2015-09-24 23:14:11,699 DEBUG *** gcodegenerator.py ended ***
2015-09-24 23:21:05,204 DEBUG *** gcodegenerator.py started ***
2015-09-24 23:21:05,204 DEBUG *** ------------------------- ***
2015-09-24 23:21:05,204 DEBUG json files loaded
2015-09-24 23:21:05,205 DEBUG input file is: /Users/gnexlab_imac/code/dlp_raspi/RaspiDLP/nodeDLP/downloadDir/Archive.zip
2015-09-24 23:21:05,243 DEBUG input file unziped to: /Users/gnexlab_imac/code/dlp_raspi/RaspiDLP/nodeDLP/printDataDir
2015-09-24 23:21:05,244 DEBUG number number_of_slices: 99
2015-09-24 23:21:05,246 DEBUG gcode generated and saved to /Users/gnexlab_imac/code/dlp_raspi/RaspiDLP/nodeDLP/printDataDir/gcodefile.txt
2015-09-24 23:21:05,246 DEBUG *** gcodegenerator.py ended ***
2015-09-24 23:21:22,256 DEBUG *** gcodegenerator.py started ***
2015-09-24 23:21:22,256 DEBUG *** ------------------------- ***
2015-09-24 23:21:22,256 DEBUG json files loaded
2015-09-24 23:21:22,257 DEBUG input file is: /Users/gnexlab_imac/code/dlp_raspi/RaspiDLP/nodeDLP/downloadDir/Archive.zip
2015-09-24 23:21:22,479 DEBUG input file unziped to: /Users/gnexlab_imac/code/dlp_raspi/RaspiDLP/nodeDLP/printDataDir
2015-09-24 23:21:22,480 DEBUG number number_of_slices: 99
2015-09-24 23:21:22,482 DEBUG gcode generated and saved to /Users/gnexlab_imac/code/dlp_raspi/RaspiDLP/nodeDLP/printDataDir/gcodefile.txt
2015-09-24 23:21:22,482 DEBUG *** gcodegenerator.py ended ***
2015-09-24 23:25:40,267 DEBUG *** gcodegenerator.py started ***
2015-09-24 23:25:40,267 DEBUG *** ------------------------- ***
2015-09-24 23:25:40,267 DEBUG json files loaded
2015-09-24 23:25:40,267 DEBUG input file is: /Users/gnexlab_imac/code/dlp_raspi/RaspiDLP/nodeDLP/downloadDir/Archive.zip
2015-09-24 23:25:40,295 DEBUG input file unziped to: /Users/gnexlab_imac/code/dlp_raspi/RaspiDLP/nodeDLP/printDataDir
2015-09-24 23:25:40,296 DEBUG number number_of_slices: 99
2015-09-24 23:25:40,297 DEBUG gcode generated and saved to /Users/gnexlab_imac/code/dlp_raspi/RaspiDLP/nodeDLP/printDataDir/printGcode.gcode
2015-09-24 23:25:40,297 DEBUG *** gcodegenerator.py ended ***
2015-09-24 23:26:47,677 DEBUG *** gcodegenerator.py started ***
2015-09-24 23:26:47,677 DEBUG *** ------------------------- ***
2015-09-24 23:26:47,677 DEBUG json files loaded
2015-09-24 23:26:47,677 DEBUG input file is: /Users/gnexlab_imac/code/dlp_raspi/RaspiDLP/nodeDLP/downloadDir/Archive.zip
2015-09-24 23:26:47,716 DEBUG input file unziped to: /Users/gnexlab_imac/code/dlp_raspi/RaspiDLP/nodeDLP/printDataDir
2015-09-24 23:26:47,717 DEBUG number number_of_slices: 99
2015-09-24 23:26:47,719 DEBUG gcode generated and saved to /Users/gnexlab_imac/code/dlp_raspi/RaspiDLP/nodeDLP/printDataDir/printGcode.gcode
2015-09-24 23:26:47,719 DEBUG *** gcodegenerator.py ended ***
2015-09-24 23:26:57,812 DEBUG *** gcodegenerator.py started ***
2015-09-24 23:26:57,812 DEBUG *** ------------------------- ***
2015-09-24 23:26:57,812 DEBUG json files loaded
2015-09-24 23:26:57,812 DEBUG input file is: /Users/gnexlab_imac/code/dlp_raspi/RaspiDLP/nodeDLP/downloadDir/Archive.zip
2015-09-24 23:26:57,845 DEBUG input file unziped to: /Users/gnexlab_imac/code/dlp_raspi/RaspiDLP/nodeDLP/printDataDir
2015-09-24 23:26:57,846 DEBUG number number_of_slices: 99
2015-09-24 23:26:57,847 DEBUG gcode generated and saved to /Users/gnexlab_imac/code/dlp_raspi/RaspiDLP/nodeDLP/printDataDir/printGcode.gcode
2015-09-24 23:26:57,847 DEBUG *** gcodegenerator.py ended ***
2015-09-24 23:27:18,947 DEBUG *** gcodegenerator.py started ***
2015-09-24 23:27:18,947 DEBUG *** ------------------------- ***
2015-09-24 23:27:18,947 DEBUG json files loaded
2015-09-24 23:27:18,947 DEBUG input file is: /Users/gnexlab_imac/code/dlp_raspi/RaspiDLP/nodeDLP/downloadDir/Archive.zip
2015-09-24 23:27:18,980 DEBUG input file unziped to: /Users/gnexlab_imac/code/dlp_raspi/RaspiDLP/nodeDLP/printDataDir
2015-09-24 23:27:18,981 DEBUG number number_of_slices: 99
2015-09-24 23:27:18,982 DEBUG gcode generated and saved to /Users/gnexlab_imac/code/dlp_raspi/RaspiDLP/nodeDLP/printDataDir/printGcode.gcode
2015-09-24 23:27:18,982 DEBUG *** gcodegenerator.py ended ***
2015-09-24 23:27:49,952 DEBUG *** gcodegenerator.py started ***
2015-09-24 23:27:49,952 DEBUG *** ------------------------- ***
2015-09-24 23:27:49,953 DEBUG json files loaded
2015-09-24 23:27:49,953 DEBUG input file is: /Users/gnexlab_imac/code/dlp_raspi/RaspiDLP/nodeDLP/downloadDir/Archive.zip
2015-09-24 23:27:49,990 DEBUG input file unziped to: /Users/gnexlab_imac/code/dlp_raspi/RaspiDLP/nodeDLP/printDataDir
2015-09-24 23:27:49,992 DEBUG number number_of_slices: 99
2015-09-24 23:27:49,993 DEBUG gcode generated and saved to /Users/gnexlab_imac/code/dlp_raspi/RaspiDLP/nodeDLP/printDataDir/printGcode.gcode
2015-09-24 23:27:49,993 DEBUG *** gcodegenerator.py ended ***
2015-09-24 23:28:03,376 DEBUG *** gcodegenerator.py started ***
2015-09-24 23:28:03,376 DEBUG *** ------------------------- ***
2015-09-24 23:28:03,376 DEBUG json files loaded
2015-09-24 23:28:03,376 DEBUG input file is: /Users/gnexlab_imac/code/dlp_raspi/RaspiDLP/nodeDLP/downloadDir/Archive.zip
2015-09-24 23:28:03,409 DEBUG input file unziped to: /Users/gnexlab_imac/code/dlp_raspi/RaspiDLP/nodeDLP/printDataDir
2015-09-24 23:28:03,410 DEBUG number number_of_slices: 99
2015-09-24 23:28:03,412 DEBUG gcode generated and saved to /Users/gnexlab_imac/code/dlp_raspi/RaspiDLP/nodeDLP/printDataDir/printGcode.gcode
2015-09-24 23:28:03,412 DEBUG *** gcodegenerator.py ended ***
2015-09-24 23:29:50,818 DEBUG *** gcodegenerator.py started ***
2015-09-24 23:29:50,818 DEBUG *** ------------------------- ***
2015-09-24 23:29:50,818 DEBUG json files loaded
2015-09-24 23:29:50,818 DEBUG input file is: /Users/gnexlab_imac/code/dlp_raspi/RaspiDLP/nodeDLP/downloadDir/Archive.zip
2015-09-24 23:29:50,852 DEBUG input file unziped to: /Users/gnexlab_imac/code/dlp_raspi/RaspiDLP/nodeDLP/printDataDir
2015-09-24 23:29:50,853 DEBUG number number_of_slices: 99
2015-09-24 23:29:50,854 DEBUG gcode generated and saved to /Users/gnexlab_imac/code/dlp_raspi/RaspiDLP/nodeDLP/printDataDir/printGcode.gcode
2015-09-24 23:29:50,854 DEBUG *** gcodegenerator.py ended ***
2015-09-24 23:30:11,143 DEBUG *** gcodegenerator.py started ***
2015-09-24 23:30:11,143 DEBUG *** ------------------------- ***
2015-09-24 23:30:11,143 DEBUG json files loaded
2015-09-24 23:30:11,143 DEBUG input file is: /Users/gnexlab_imac/code/dlp_raspi/RaspiDLP/nodeDLP/downloadDir/Archive.zip
2015-09-24 23:30:11,185 DEBUG input file unziped to: /Users/gnexlab_imac/code/dlp_raspi/RaspiDLP/nodeDLP/printDataDir
2015-09-24 23:30:11,186 DEBUG number number_of_slices: 99
2015-09-24 23:30:11,188 DEBUG gcode generated and saved to /Users/gnexlab_imac/code/dlp_raspi/RaspiDLP/nodeDLP/printDataDir/printGcode.gcode
2015-09-24 23:30:11,188 DEBUG *** gcodegenerator.py ended ***
2015-09-24 23:32:31,559 DEBUG *** gcodegenerator.py started ***
2015-09-24 23:32:31,559 DEBUG *** ------------------------- ***
2015-09-24 23:32:31,559 DEBUG json files loaded
2015-09-24 23:32:31,560 DEBUG input file is: /Users/gnexlab_imac/code/dlp_raspi/RaspiDLP/nodeDLP/downloadDir/Archive.zip
2015-09-24 23:32:31,592 DEBUG input file unziped to: /Users/gnexlab_imac/code/dlp_raspi/RaspiDLP/nodeDLP/printDataDir
2015-09-24 23:32:31,593 DEBUG number number_of_slices: 99
2015-09-24 23:32:31,594 DEBUG gcode generated and saved to /Users/gnexlab_imac/code/dlp_raspi/RaspiDLP/nodeDLP/printDataDir/printGcode.gcode
2015-09-24 23:32:31,594 DEBUG *** gcodegenerator.py ended ***
2015-09-24 23:38:01,179 DEBUG *** gcodegenerator.py started ***
2015-09-24 23:38:01,179 DEBUG *** ------------------------- ***
2015-09-24 23:38:01,179 DEBUG json files loaded
2015-09-24 23:38:01,179 DEBUG input file is: /Users/gnexlab_imac/code/dlp_raspi/RaspiDLP/nodeDLP/downloadDir/Archive.zip
2015-09-24 23:38:01,213 DEBUG input file unziped to: /Users/gnexlab_imac/code/dlp_raspi/RaspiDLP/nodeDLP/printDataDir
2015-09-24 23:38:01,214 DEBUG number number_of_slices: 99
2015-09-24 23:38:01,216 DEBUG gcode generated and saved to /Users/gnexlab_imac/code/dlp_raspi/RaspiDLP/nodeDLP/printDataDir/printGcode.gcode
2015-09-24 23:38:01,216 DEBUG *** gcodegenerator.py ended ***
2015-09-24 23:59:44,209 DEBUG *** gcodegenerator.py started ***
2015-09-24 23:59:44,209 DEBUG *** ------------------------- ***
2015-09-24 23:59:44,209 DEBUG json files loaded
2015-09-24 23:59:44,210 DEBUG input file is: /Users/gnexlab_imac/code/dlp_raspi/RaspiDLP/nodeDLP/downloadDir/Archive.zip
2015-09-24 23:59:44,238 DEBUG input file unziped to: /Users/gnexlab_imac/code/dlp_raspi/RaspiDLP/nodeDLP/printDataDir
2015-09-24 23:59:44,239 DEBUG number number_of_slices: 99
2015-09-24 23:59:44,241 DEBUG gcode generated and saved to /Users/gnexlab_imac/code/dlp_raspi/RaspiDLP/nodeDLP/printDataDir/printGcode.gcode
2015-09-24 23:59:44,241 DEBUG *** gcodegenerator.py ended ***
2015-09-25 00:00:23,327 DEBUG *** gcodegenerator.py started ***
2015-09-25 00:00:23,327 DEBUG *** ------------------------- ***
2015-09-25 00:00:23,327 DEBUG json files loaded
2015-09-25 00:00:23,328 DEBUG input file is: /Users/gnexlab_imac/code/dlp_raspi/RaspiDLP/nodeDLP/downloadDir/Archive.zip
2015-09-25 00:00:23,536 DEBUG input file unziped to: /Users/gnexlab_imac/code/dlp_raspi/RaspiDLP/nodeDLP/printDataDir
2015-09-25 00:00:23,537 DEBUG number number_of_slices: 99
2015-09-25 00:00:23,538 DEBUG gcode generated and saved to /Users/gnexlab_imac/code/dlp_raspi/RaspiDLP/nodeDLP/printDataDir/printGcode.gcode
2015-09-25 00:00:23,538 DEBUG *** gcodegenerator.py ended ***
2015-09-25 00:01:55,221 DEBUG *** gcodegenerator.py started ***
2015-09-25 00:01:55,221 DEBUG *** ------------------------- ***
2015-09-25 00:01:55,221 DEBUG json files loaded
2015-09-25 00:01:55,222 DEBUG input file is: /Users/gnexlab_imac/code/dlp_raspi/RaspiDLP/nodeDLP/downloadDir/Archive.zip
2015-09-25 00:01:55,251 DEBUG input file unziped to: /Users/gnexlab_imac/code/dlp_raspi/RaspiDLP/nodeDLP/printDataDir
2015-09-25 00:01:55,252 DEBUG number number_of_slices: 99
2015-09-25 00:01:55,254 DEBUG gcode generated and saved to /Users/gnexlab_imac/code/dlp_raspi/RaspiDLP/nodeDLP/printDataDir/printGcode.gcode
2015-09-25 00:01:55,254 DEBUG *** gcodegenerator.py ended ***
2015-09-25 00:07:19,093 DEBUG *** gcodegenerator.py started ***
2015-09-25 00:07:19,093 DEBUG *** ------------------------- ***
2015-09-25 00:07:19,093 DEBUG json files loaded
2015-09-25 00:07:19,094 DEBUG input file is: /Users/gnexlab_imac/code/dlp_raspi/RaspiDLP/nodeDLP/downloadDir/Archive.zip
2015-09-25 00:07:19,122 DEBUG input file unziped to: /Users/gnexlab_imac/code/dlp_raspi/RaspiDLP/nodeDLP/printDataDir
2015-09-25 00:07:19,123 DEBUG number number_of_slices: 99
2015-09-25 00:07:19,124 DEBUG gcode generated and saved to /Users/gnexlab_imac/code/dlp_raspi/RaspiDLP/nodeDLP/printDataDir/printGcode.gcode
2015-09-25 00:07:19,124 DEBUG *** gcodegenerator.py ended ***
2015-09-25 00:08:48,389 DEBUG *** gcodegenerator.py started ***
2015-09-25 00:08:48,389 DEBUG *** ------------------------- ***
2015-09-25 00:08:48,389 DEBUG json files loaded
2015-09-25 00:08:48,389 DEBUG input file is: /Users/gnexlab_imac/code/dlp_raspi/RaspiDLP/nodeDLP/downloadDir/Archive.zip
2015-09-25 00:08:48,420 DEBUG input file unziped to: /Users/gnexlab_imac/code/dlp_raspi/RaspiDLP/nodeDLP/printDataDir
2015-09-25 00:08:48,421 DEBUG number number_of_slices: 99
2015-09-25 00:08:48,423 DEBUG gcode generated and saved to /Users/gnexlab_imac/code/dlp_raspi/RaspiDLP/nodeDLP/printDataDir/printGcode.gcode
2015-09-25 00:08:48,423 DEBUG *** gcodegenerator.py ended ***
2015-09-25 00:10:02,598 DEBUG *** gcodegenerator.py started ***
2015-09-25 00:10:02,599 DEBUG *** ------------------------- ***
2015-09-25 00:10:02,599 DEBUG json files loaded
2015-09-25 00:10:02,599 DEBUG input file is: /Users/gnexlab_imac/code/dlp_raspi/RaspiDLP/nodeDLP/downloadDir/Archive.zip
2015-09-25 00:10:02,627 DEBUG input file unziped to: /Users/gnexlab_imac/code/dlp_raspi/RaspiDLP/nodeDLP/printDataDir
2015-09-25 00:10:02,628 DEBUG number number_of_slices: 99
2015-09-25 00:10:02,629 DEBUG gcode generated and saved to /Users/gnexlab_imac/code/dlp_raspi/RaspiDLP/nodeDLP/printDataDir/printGcode.gcode
2015-09-25 00:10:02,629 DEBUG *** gcodegenerator.py ended ***
2015-09-25 00:10:19,965 DEBUG *** gcodegenerator.py started ***
2015-09-25 00:10:19,965 DEBUG *** ------------------------- ***
2015-09-25 00:10:19,966 DEBUG json files loaded
2015-09-25 00:10:19,966 DEBUG input file is: /Users/gnexlab_imac/code/dlp_raspi/RaspiDLP/nodeDLP/downloadDir/Archive.zip
2015-09-25 00:10:20,103 DEBUG input file unziped to: /Users/gnexlab_imac/code/dlp_raspi/RaspiDLP/nodeDLP/printDataDir
2015-09-25 00:10:20,104 DEBUG number number_of_slices: 99
2015-09-25 00:10:20,105 DEBUG gcode generated and saved to /Users/gnexlab_imac/code/dlp_raspi/RaspiDLP/nodeDLP/printDataDir/printGcode.gcode
2015-09-25 00:10:20,105 DEBUG *** gcodegenerator.py ended ***
2015-09-25 00:10:42,115 DEBUG *** gcodegenerator.py started ***
2015-09-25 00:10:42,115 DEBUG *** ------------------------- ***
2015-09-25 00:10:42,115 DEBUG json files loaded
2015-09-25 00:10:42,115 DEBUG input file is: /Users/gnexlab_imac/code/dlp_raspi/RaspiDLP/nodeDLP/downloadDir/Archive.zip
2015-09-25 00:10:42,148 DEBUG input file unziped to: /Users/gnexlab_imac/code/dlp_raspi/RaspiDLP/nodeDLP/printDataDir
2015-09-25 00:10:42,149 DEBUG number number_of_slices: 99
2015-09-25 00:10:42,150 DEBUG gcode generated and saved to /Users/gnexlab_imac/code/dlp_raspi/RaspiDLP/nodeDLP/printDataDir/printGcode.gcode
2015-09-25 00:10:42,150 DEBUG *** gcodegenerator.py ended ***
2015-09-25 12:12:50,443 DEBUG *** gcodegenerator.py started ***
2015-09-25 12:12:50,443 DEBUG *** ------------------------- ***
2015-09-25 12:12:50,472 DEBUG json files loaded
2015-09-25 12:12:50,472 DEBUG input file is: /Users/gnexlab_imac/code/dlp_raspi/RaspiDLP/nodeDLP/downloadDir/Archive.zip
2015-09-25 12:12:50,501 DEBUG input file unziped to: /Users/gnexlab_imac/code/dlp_raspi/RaspiDLP/nodeDLP/printDataDir
2015-09-25 22:31:53,487 DEBUG *** gcodegenerator.py started ***
2015-09-25 22:31:53,509 DEBUG *** ------------------------- ***
2015-09-25 22:31:53,520 DEBUG json files loaded
2015-09-25 22:31:53,520 DEBUG input file is: /Users/gnexlab_imac/code/dlp_raspi/RaspiDLP/nodeDLP/downloadDir/Archive.zip
2015-09-25 22:31:53,657 DEBUG input file unziped to: /Users/gnexlab_imac/code/dlp_raspi/RaspiDLP/nodeDLP/printDataDir
2015-09-25 22:31:53,658 DEBUG number number_of_slices: 100
2015-09-25 22:31:53,659 DEBUG gcode generated and saved to /Users/gnexlab_imac/code/dlp_raspi/RaspiDLP/nodeDLP/printDataDir/printGcode.gcode
2015-09-25 22:31:53,660 DEBUG *** gcodegenerator.py ended ***
2015-09-25 22:32:45,755 DEBUG *** gcodegenerator.py started ***
2015-09-25 22:32:45,755 DEBUG *** ------------------------- ***
2015-09-25 22:32:45,755 DEBUG json files loaded
2015-09-25 22:32:45,755 DEBUG input file is: /Users/gnexlab_imac/code/dlp_raspi/RaspiDLP/nodeDLP/downloadDir/Archive.zip
2015-09-25 22:32:45,817 DEBUG input file unziped to: /Users/gnexlab_imac/code/dlp_raspi/RaspiDLP/nodeDLP/printDataDir
2015-09-25 22:32:45,818 DEBUG number number_of_slices: 100
2015-09-25 22:32:45,819 DEBUG gcode generated and saved to /Users/gnexlab_imac/code/dlp_raspi/RaspiDLP/nodeDLP/printDataDir/printGcode.gcode
2015-09-25 22:32:45,819 DEBUG *** gcodegenerator.py ended ***
2015-09-25 22:35:15,730 DEBUG *** printManager.py started ***
2015-09-25 22:35:15,730 DEBUG *** ------------------------- ***
2015-09-25 22:35:15,731 DEBUG json files loaded
2015-09-25 22:35:15,731 DEBUG gameinit started
2015-09-25 22:35:15,950 DEBUG gameinit complated
2015-09-25 22:36:12,525 DEBUG *** printManager.py started ***
2015-09-25 22:36:12,525 DEBUG *** ------------------------- ***
2015-09-25 22:36:12,526 DEBUG json files loaded
2015-09-25 22:36:12,526 DEBUG gameinit started
2015-09-25 22:36:12,759 DEBUG gameinit complated
2015-09-25 22:39:44,276 DEBUG *** printManager.py started ***
2015-09-25 22:39:44,277 DEBUG *** ------------------------- ***
2015-09-25 22:39:44,277 DEBUG json files loaded
2015-09-25 22:39:44,277 DEBUG gameinit started
2015-09-25 22:39:44,492 DEBUG gameinit complated
2015-09-26 11:46:15,202 DEBUG *** gcodegenerator.py started ***
2015-09-26 11:46:15,222 DEBUG *** ------------------------- ***
2015-09-26 11:46:15,234 DEBUG json files loaded
2015-09-26 11:46:15,234 DEBUG input file is: /Users/gnexlab_imac/code/dlp_raspi/RaspiDLP/nodeDLP/downloadDir/Archive.zip
2015-09-26 11:46:15,307 DEBUG input file unziped to: /Users/gnexlab_imac/code/dlp_raspi/RaspiDLP/nodeDLP/printDataDir
2015-09-26 11:46:15,308 DEBUG number number_of_slices: 100
2015-09-26 11:46:15,310 DEBUG gcode generated and saved to /Users/gnexlab_imac/code/dlp_raspi/RaspiDLP/nodeDLP/printDataDir/printGcode.gcode
2015-09-26 11:46:15,310 DEBUG *** gcodegenerator.py ended ***
2015-10-24 18:28:38,003 DEBUG *** printManager.py started ***
2015-10-24 18:28:38,007 DEBUG *** ------------------------- ***
2015-10-24 18:28:38,013 DEBUG json files loaded
2015-10-24 18:28:38,015 DEBUG gameinit started
2015-10-24 18:32:03,654 DEBUG *** printManager.py started ***
2015-10-24 18:32:03,657 DEBUG *** ------------------------- ***
2015-10-24 18:32:03,662 DEBUG json files loaded
2015-10-24 18:32:03,665 DEBUG gameinit started
2015-10-24 18:32:04,091 DEBUG faye client started
2015-10-24 18:32:04,102 DEBUG gcode file opened
2015-10-24 18:47:02,657 DEBUG *** printManager.py started ***
2015-10-24 18:47:02,661 DEBUG *** ------------------------- ***
2015-10-24 18:47:02,665 DEBUG json files loaded
2015-10-24 18:47:02,668 DEBUG gameinit started
2015-10-24 18:47:03,099 DEBUG faye client started
2015-10-24 18:47:03,111 DEBUG gcode file opened
2015-10-24 18:47:38,993 DEBUG *** printManager.py started ***
2015-10-24 18:47:38,997 DEBUG *** ------------------------- ***
2015-10-24 18:47:39,003 DEBUG json files loaded
2015-10-24 18:47:39,007 DEBUG gameinit started
2015-10-24 18:51:54,929 DEBUG *** gcodegenerator.py started ***
2015-10-24 18:51:54,938 DEBUG *** ------------------------- ***
2015-10-24 18:51:54,956 DEBUG json files loaded
2015-10-24 18:51:54,961 DEBUG input file is: /home/pi/DLP/RaspiDLP/nodeDLP/downloadDir/Archive.zip
2015-10-24 18:51:56,447 DEBUG input file unziped to: /home/pi/DLP/RaspiDLP/nodeDLP/printDataDir
2015-10-24 18:51:56,516 DEBUG number number_of_slices: 100
2015-10-24 18:51:56,648 DEBUG gcode generated and saved to /home/pi/DLP/RaspiDLP/nodeDLP/printDataDir/printGcode.gcode
2015-10-24 18:51:56,656 DEBUG *** gcodegenerator.py ended ***
2015-10-24 18:52:16,017 DEBUG *** printManager.py started ***
2015-10-24 18:52:16,023 DEBUG *** ------------------------- ***
2015-10-24 18:52:16,029 DEBUG json files loaded
2015-10-24 18:52:16,033 DEBUG gameinit started
2015-10-24 18:52:16,541 DEBUG faye client started
2015-10-24 18:52:16,561 DEBUG gcode file opened
2015-10-24 18:54:08,005 DEBUG *** printManager.py started ***
2015-10-24 18:54:08,011 DEBUG *** ------------------------- ***
2015-10-24 18:54:08,019 DEBUG json files loaded
2015-10-24 18:54:08,023 DEBUG gameinit started
2015-10-24 18:55:01,539 DEBUG *** printManager.py started ***
2015-10-24 18:55:01,547 DEBUG *** ------------------------- ***
2015-10-24 18:55:01,557 DEBUG json files loaded
2015-10-24 18:55:01,564 DEBUG gameinit started
2015-10-24 18:55:40,051 DEBUG faye client started
2015-10-24 18:55:40,057 DEBUG faye client started
2015-10-24 18:55:40,118 DEBUG gcode file opened
2015-10-24 18:55:40,126 DEBUG gcode file opened
2015-10-25 15:06:07,028 DEBUG *** printManager.py started ***
2015-10-25 15:06:07,032 DEBUG *** ------------------------- ***
2015-10-25 15:06:07,038 DEBUG json files loaded
2015-10-25 15:06:07,041 DEBUG gameinit started
2015-10-25 15:06:07,478 DEBUG faye client started
2015-10-25 15:06:07,488 DEBUG gcode file opened
2015-10-25 15:08:03,047 DEBUG *** printManager.py started ***
2015-10-25 15:08:03,051 DEBUG *** ------------------------- ***
2015-10-25 15:08:03,057 DEBUG json files loaded
2015-10-25 15:08:03,060 DEBUG gameinit started
2015-10-25 15:08:53,120 DEBUG faye client started
2015-10-25 15:08:53,131 DEBUG gcode file opened
2015-10-26 17:08:17,198 DEBUG *** printManager.py started ***
2015-10-26 17:08:17,201 DEBUG *** ------------------------- ***
2015-10-26 17:08:17,257 DEBUG json files loaded
2015-10-26 17:08:17,260 DEBUG gameinit started
2015-10-26 17:08:17,685 DEBUG faye client started
2015-10-26 17:08:17,695 DEBUG gcode file opened
2015-10-26 17:09:18,630 DEBUG *** printManager.py started ***
2015-10-26 17:09:18,635 DEBUG *** ------------------------- ***
2015-10-26 17:09:18,681 DEBUG json files loaded
2015-10-26 17:09:18,684 DEBUG gameinit started
2015-10-26 17:09:59,710 DEBUG faye client started
2015-10-26 17:09:59,739 DEBUG gcode file opened
2015-10-26 17:10:58,087 DEBUG *** printManager.py started ***
2015-10-26 17:10:58,091 DEBUG *** ------------------------- ***
2015-10-26 17:10:58,130 DEBUG json files loaded
2015-10-26 17:10:58,133 DEBUG gameinit started
2015-10-26 17:10:58,489 DEBUG faye client started
2015-10-26 17:10:58,500 DEBUG gcode file opened
2015-10-26 17:15:49,529 DEBUG *** printManager.py started ***
2015-10-26 17:15:49,532 DEBUG *** ------------------------- ***
2015-10-26 17:15:49,571 DEBUG json files loaded
2015-10-26 17:15:49,574 DEBUG gameinit started
2015-10-26 17:15:49,926 DEBUG faye client started
2015-10-26 17:15:49,937 DEBUG gcode file opened
2015-10-26 18:18:03,490 DEBUG *** gcodegenerator.py started ***
2015-10-26 18:18:03,493 DEBUG *** ------------------------- ***
2015-10-26 18:18:03,510 DEBUG json files loaded
2015-10-26 18:18:03,514 DEBUG input file is: /home/pi/DLP/RaspiDLP/nodeDLP/downloadDir/Archive.zip
2015-10-26 18:18:04,527 DEBUG input file unziped to: /home/pi/DLP/RaspiDLP/nodeDLP/printDataDir
2015-10-26 18:18:04,560 DEBUG number number_of_slices: 100
2015-10-26 18:18:04,597 DEBUG gcode generated and saved to /home/pi/DLP/RaspiDLP/nodeDLP/printDataDir/printGcode.gcode
2015-10-26 18:18:04,600 DEBUG *** gcodegenerator.py ended ***
2015-11-03 17:12:16,429 DEBUG *** printManager.py started ***
2015-11-03 17:12:16,433 DEBUG *** ------------------------- ***
2015-11-03 17:12:16,468 DEBUG json files loaded
2015-11-03 17:12:16,471 DEBUG gameinit started
2015-11-03 17:13:00,672 DEBUG faye client started
2015-11-03 17:13:00,682 DEBUG gcode file opened
