2015-09-24 15:35:36,355 DEBUG json files loaded
2015-09-24 15:36:28,403 DEBUG json files loaded
2015-09-24 15:38:10,507 DEBUG json files loaded
2015-09-24 15:38:10,507 DEBUG input file is: Archive.zip
2015-09-24 15:39:19,244 DEBUG json files loaded
2015-09-24 15:39:19,244 DEBUG input file is: Archive.zip
2015-09-24 15:39:54,782 DEBUG json files loaded
2015-09-24 15:39:54,783 DEBUG input file is: /Users/gnexlab_imac/code/dlp_raspi/RaspiDLP/nodeDLP/downloadDir/Archive.zip
2015-09-24 15:41:20,181 DEBUG json files loaded
2015-09-24 15:41:20,181 DEBUG input file is: /Users/gnexlab_imac/code/dlp_raspi/RaspiDLP/nodeDLP/downloadDir/Archive.zip
2015-09-24 15:41:20,212 DEBUG input file unziped to: /Users/gnexlab_imac/code/dlp_raspi/RaspiDLP/nodeDLP/printDataDir
2015-09-24 15:41:20,214 DEBUG number number_of_slices: 99
2015-09-24 15:42:42,136 DEBUG *** gcodegenerator.py started ***
2015-09-24 15:42:42,136 DEBUG *** ------------------------- ***
2015-09-24 15:42:42,137 DEBUG json files loaded
2015-09-24 15:42:42,137 DEBUG input file is: /Users/gnexlab_imac/code/dlp_raspi/RaspiDLP/nodeDLP/downloadDir/Archive.zip
2015-09-24 15:42:42,168 DEBUG input file unziped to: /Users/gnexlab_imac/code/dlp_raspi/RaspiDLP/nodeDLP/printDataDir
2015-09-24 15:42:42,169 DEBUG number number_of_slices: 99
2015-09-24 15:44:04,948 DEBUG *** gcodegenerator.py started ***
2015-09-24 15:44:04,948 DEBUG *** ------------------------- ***
2015-09-24 15:44:04,948 DEBUG json files loaded
2015-09-24 15:44:04,948 DEBUG input file is: /Users/gnexlab_imac/code/dlp_raspi/RaspiDLP/nodeDLP/downloadDir/Archive.zip
2015-09-24 15:44:04,980 DEBUG input file unziped to: /Users/gnexlab_imac/code/dlp_raspi/RaspiDLP/nodeDLP/printDataDir
2015-09-24 15:44:04,982 DEBUG number number_of_slices: 99
2015-09-24 15:44:04,983 DEBUG gcode generated
2015-09-24 15:44:04,983 DEBUG [u';*** Header Start ***\r\nG21 ;Set units to be mm\r\nG91 ;Relative Positioning\r\nM17 ;Enable motors\r\n;*** Header End ***', ';<Slice> 0', u';<Delay> 3000', ';<Slice> Blank \r\n', u';*** FirstLayer Lift Sequence Start ***\r\nG1 X10.0 Z5.0 F10\r\nG1 X-10.0 Z-4.95 F10\r\n;*** FirstLayer Lift Sequence End ***', u';<Delay> 3500;Wait for Motion Complated', ';<Slice> 1', u';<Delay> 3000', ';<Slice> Blank \r\n', u';*** FirstLayer Lift Sequence Start ***\r\nG1 X10.0 Z5.0 F10\r\nG1 X-10.0 Z-4.95 F10\r\n;*** FirstLayer Lift Sequence End ***', u';<Delay> 3500;Wait for Motion Complated', ';<Slice> 2', u';<Delay> 3000', ';<Slice> Blank \r\n', u';*** FirstLayer Lift Sequence Start ***\r\nG1 X10.0 Z5.0 F10\r\nG1 X-10.0 Z-4.95 F10\r\n;*** FirstLayer Lift Sequence End ***', u';<Delay> 3500;Wait for Motion Complated', ';<Slice> 3', u';<Delay> 8000', ';<Slice> Blank \r\n', u';*** Lift Sequence Start***\r\nG1 X100.0 Z50.0 F50\r\nG1 X-100.0 Z-49.5 F50\r\n;*** Lift Sequence End ***', u';<Delay> 2500;Wait for Motion Complated', ';<Slice> 4', u';<Delay> 8000', ';<Slice> Blank \r\n', u';*** Lift Sequence Start***\r\nG1 X100.0 Z50.0 F50\r\nG1 X-100.0 Z-49.5 F50\r\n;*** Lift Sequence End ***', u';<Delay> 2500;Wait for Motion Complated', ';<Slice> 5', u';<Delay> 8000', ';<Slice> Blank \r\n', u';*** Lift Sequence Start***\r\nG1 X100.0 Z50.0 F50\r\nG1 X-100.0 Z-49.5 F50\r\n;*** Lift Sequence End ***', u';<Delay> 2500;Wait for Motion Complated', ';<Slice> 6', u';<Delay> 8000', ';<Slice> Blank \r\n', u';*** Lift Sequence Start***\r\nG1 X100.0 Z50.0 F50\r\nG1 X-100.0 Z-49.5 F50\r\n;*** Lift Sequence End ***', u';<Delay> 2500;Wait for Motion Complated', ';<Slice> 7', u';<Delay> 8000', ';<Slice> Blank \r\n', u';*** Lift Sequence Start***\r\nG1 X100.0 Z50.0 F50\r\nG1 X-100.0 Z-49.5 F50\r\n;*** Lift Sequence End ***', u';<Delay> 2500;Wait for Motion Complated', ';<Slice> 8', u';<Delay> 8000', ';<Slice> Blank \r\n', u';*** Lift Sequence Start***\r\nG1 X100.0 Z50.0 F50\r\nG1 X-100.0 Z-49.5 F50\r\n;*** Lift Sequence End ***', u';<Delay> 2500;Wait for Motion Complated', ';<Slice> 9', u';<Delay> 8000', ';<Slice> Blank \r\n', u';*** Lift Sequence Start***\r\nG1 X100.0 Z50.0 F50\r\nG1 X-100.0 Z-49.5 F50\r\n;*** Lift Sequence End ***', u';<Delay> 2500;Wait for Motion Complated', ';<Slice> 10', u';<Delay> 8000', ';<Slice> Blank \r\n', u';*** Lift Sequence Start***\r\nG1 X100.0 Z50.0 F50\r\nG1 X-100.0 Z-49.5 F50\r\n;*** Lift Sequence End ***', u';<Delay> 2500;Wait for Motion Complated', ';<Slice> 11', u';<Delay> 8000', ';<Slice> Blank \r\n', u';*** Lift Sequence Start***\r\nG1 X100.0 Z50.0 F50\r\nG1 X-100.0 Z-49.5 F50\r\n;*** Lift Sequence End ***', u';<Delay> 2500;Wait for Motion Complated', ';<Slice> 12', u';<Delay> 8000', ';<Slice> Blank \r\n', u';*** Lift Sequence Start***\r\nG1 X100.0 Z50.0 F50\r\nG1 X-100.0 Z-49.5 F50\r\n;*** Lift Sequence End ***', u';<Delay> 2500;Wait for Motion Complated', ';<Slice> 13', u';<Delay> 8000', ';<Slice> Blank \r\n', u';*** Lift Sequence Start***\r\nG1 X100.0 Z50.0 F50\r\nG1 X-100.0 Z-49.5 F50\r\n;*** Lift Sequence End ***', u';<Delay> 2500;Wait for Motion Complated', ';<Slice> 14', u';<Delay> 8000', ';<Slice> Blank \r\n', u';*** Lift Sequence Start***\r\nG1 X100.0 Z50.0 F50\r\nG1 X-100.0 Z-49.5 F50\r\n;*** Lift Sequence End ***', u';<Delay> 2500;Wait for Motion Complated', ';<Slice> 15', u';<Delay> 8000', ';<Slice> Blank \r\n', u';*** Lift Sequence Start***\r\nG1 X100.0 Z50.0 F50\r\nG1 X-100.0 Z-49.5 F50\r\n;*** Lift Sequence End ***', u';<Delay> 2500;Wait for Motion Complated', ';<Slice> 16', u';<Delay> 8000', ';<Slice> Blank \r\n', u';*** Lift Sequence Start***\r\nG1 X100.0 Z50.0 F50\r\nG1 X-100.0 Z-49.5 F50\r\n;*** Lift Sequence End ***', u';<Delay> 2500;Wait for Motion Complated', ';<Slice> 17', u';<Delay> 8000', ';<Slice> Blank \r\n', u';*** Lift Sequence Start***\r\nG1 X100.0 Z50.0 F50\r\nG1 X-100.0 Z-49.5 F50\r\n;*** Lift Sequence End ***', u';<Delay> 2500;Wait for Motion Complated', ';<Slice> 18', u';<Delay> 8000', ';<Slice> Blank \r\n', u';*** Lift Sequence Start***\r\nG1 X100.0 Z50.0 F50\r\nG1 X-100.0 Z-49.5 F50\r\n;*** Lift Sequence End ***', u';<Delay> 2500;Wait for Motion Complated', ';<Slice> 19', u';<Delay> 8000', ';<Slice> Blank \r\n', u';*** Lift Sequence Start***\r\nG1 X100.0 Z50.0 F50\r\nG1 X-100.0 Z-49.5 F50\r\n;*** Lift Sequence End ***', u';<Delay> 2500;Wait for Motion Complated', ';<Slice> 20', u';<Delay> 8000', ';<Slice> Blank \r\n', u';*** Lift Sequence Start***\r\nG1 X100.0 Z50.0 F50\r\nG1 X-100.0 Z-49.5 F50\r\n;*** Lift Sequence End ***', u';<Delay> 2500;Wait for Motion Complated', ';<Slice> 21', u';<Delay> 8000', ';<Slice> Blank \r\n', u';*** Lift Sequence Start***\r\nG1 X100.0 Z50.0 F50\r\nG1 X-100.0 Z-49.5 F50\r\n;*** Lift Sequence End ***', u';<Delay> 2500;Wait for Motion Complated', ';<Slice> 22', u';<Delay> 8000', ';<Slice> Blank \r\n', u';*** Lift Sequence Start***\r\nG1 X100.0 Z50.0 F50\r\nG1 X-100.0 Z-49.5 F50\r\n;*** Lift Sequence End ***', u';<Delay> 2500;Wait for Motion Complated', ';<Slice> 23', u';<Delay> 8000', ';<Slice> Blank \r\n', u';*** Lift Sequence Start***\r\nG1 X100.0 Z50.0 F50\r\nG1 X-100.0 Z-49.5 F50\r\n;*** Lift Sequence End ***', u';<Delay> 2500;Wait for Motion Complated', ';<Slice> 24', u';<Delay> 8000', ';<Slice> Blank \r\n', u';*** Lift Sequence Start***\r\nG1 X100.0 Z50.0 F50\r\nG1 X-100.0 Z-49.5 F50\r\n;*** Lift Sequence End ***', u';<Delay> 2500;Wait for Motion Complated', ';<Slice> 25', u';<Delay> 8000', ';<Slice> Blank \r\n', u';*** Lift Sequence Start***\r\nG1 X100.0 Z50.0 F50\r\nG1 X-100.0 Z-49.5 F50\r\n;*** Lift Sequence End ***', u';<Delay> 2500;Wait for Motion Complated', ';<Slice> 26', u';<Delay> 8000', ';<Slice> Blank \r\n', u';*** Lift Sequence Start***\r\nG1 X100.0 Z50.0 F50\r\nG1 X-100.0 Z-49.5 F50\r\n;*** Lift Sequence End ***', u';<Delay> 2500;Wait for Motion Complated', ';<Slice> 27', u';<Delay> 8000', ';<Slice> Blank \r\n', u';*** Lift Sequence Start***\r\nG1 X100.0 Z50.0 F50\r\nG1 X-100.0 Z-49.5 F50\r\n;*** Lift Sequence End ***', u';<Delay> 2500;Wait for Motion Complated', ';<Slice> 28', u';<Delay> 8000', ';<Slice> Blank \r\n', u';*** Lift Sequence Start***\r\nG1 X100.0 Z50.0 F50\r\nG1 X-100.0 Z-49.5 F50\r\n;*** Lift Sequence End ***', u';<Delay> 2500;Wait for Motion Complated', ';<Slice> 29', u';<Delay> 8000', ';<Slice> Blank \r\n', u';*** Lift Sequence Start***\r\nG1 X100.0 Z50.0 F50\r\nG1 X-100.0 Z-49.5 F50\r\n;*** Lift Sequence End ***', u';<Delay> 2500;Wait for Motion Complated', ';<Slice> 30', u';<Delay> 8000', ';<Slice> Blank \r\n', u';*** Lift Sequence Start***\r\nG1 X100.0 Z50.0 F50\r\nG1 X-100.0 Z-49.5 F50\r\n;*** Lift Sequence End ***', u';<Delay> 2500;Wait for Motion Complated', ';<Slice> 31', u';<Delay> 8000', ';<Slice> Blank \r\n', u';*** Lift Sequence Start***\r\nG1 X100.0 Z50.0 F50\r\nG1 X-100.0 Z-49.5 F50\r\n;*** Lift Sequence End ***', u';<Delay> 2500;Wait for Motion Complated', ';<Slice> 32', u';<Delay> 8000', ';<Slice> Blank \r\n', u';*** Lift Sequence Start***\r\nG1 X100.0 Z50.0 F50\r\nG1 X-100.0 Z-49.5 F50\r\n;*** Lift Sequence End ***', u';<Delay> 2500;Wait for Motion Complated', ';<Slice> 33', u';<Delay> 8000', ';<Slice> Blank \r\n', u';*** Lift Sequence Start***\r\nG1 X100.0 Z50.0 F50\r\nG1 X-100.0 Z-49.5 F50\r\n;*** Lift Sequence End ***', u';<Delay> 2500;Wait for Motion Complated', ';<Slice> 34', u';<Delay> 8000', ';<Slice> Blank \r\n', u';*** Lift Sequence Start***\r\nG1 X100.0 Z50.0 F50\r\nG1 X-100.0 Z-49.5 F50\r\n;*** Lift Sequence End ***', u';<Delay> 2500;Wait for Motion Complated', ';<Slice> 35', u';<Delay> 8000', ';<Slice> Blank \r\n', u';*** Lift Sequence Start***\r\nG1 X100.0 Z50.0 F50\r\nG1 X-100.0 Z-49.5 F50\r\n;*** Lift Sequence End ***', u';<Delay> 2500;Wait for Motion Complated', ';<Slice> 36', u';<Delay> 8000', ';<Slice> Blank \r\n', u';*** Lift Sequence Start***\r\nG1 X100.0 Z50.0 F50\r\nG1 X-100.0 Z-49.5 F50\r\n;*** Lift Sequence End ***', u';<Delay> 2500;Wait for Motion Complated', ';<Slice> 37', u';<Delay> 8000', ';<Slice> Blank \r\n', u';*** Lift Sequence Start***\r\nG1 X100.0 Z50.0 F50\r\nG1 X-100.0 Z-49.5 F50\r\n;*** Lift Sequence End ***', u';<Delay> 2500;Wait for Motion Complated', ';<Slice> 38', u';<Delay> 8000', ';<Slice> Blank \r\n', u';*** Lift Sequence Start***\r\nG1 X100.0 Z50.0 F50\r\nG1 X-100.0 Z-49.5 F50\r\n;*** Lift Sequence End ***', u';<Delay> 2500;Wait for Motion Complated', ';<Slice> 39', u';<Delay> 8000', ';<Slice> Blank \r\n', u';*** Lift Sequence Start***\r\nG1 X100.0 Z50.0 F50\r\nG1 X-100.0 Z-49.5 F50\r\n;*** Lift Sequence End ***', u';<Delay> 2500;Wait for Motion Complated', ';<Slice> 40', u';<Delay> 8000', ';<Slice> Blank \r\n', u';*** Lift Sequence Start***\r\nG1 X100.0 Z50.0 F50\r\nG1 X-100.0 Z-49.5 F50\r\n;*** Lift Sequence End ***', u';<Delay> 2500;Wait for Motion Complated', ';<Slice> 41', u';<Delay> 8000', ';<Slice> Blank \r\n', u';*** Lift Sequence Start***\r\nG1 X100.0 Z50.0 F50\r\nG1 X-100.0 Z-49.5 F50\r\n;*** Lift Sequence End ***', u';<Delay> 2500;Wait for Motion Complated', ';<Slice> 42', u';<Delay> 8000', ';<Slice> Blank \r\n', u';*** Lift Sequence Start***\r\nG1 X100.0 Z50.0 F50\r\nG1 X-100.0 Z-49.5 F50\r\n;*** Lift Sequence End ***', u';<Delay> 2500;Wait for Motion Complated', ';<Slice> 43', u';<Delay> 8000', ';<Slice> Blank \r\n', u';*** Lift Sequence Start***\r\nG1 X100.0 Z50.0 F50\r\nG1 X-100.0 Z-49.5 F50\r\n;*** Lift Sequence End ***', u';<Delay> 2500;Wait for Motion Complated', ';<Slice> 44', u';<Delay> 8000', ';<Slice> Blank \r\n', u';*** Lift Sequence Start***\r\nG1 X100.0 Z50.0 F50\r\nG1 X-100.0 Z-49.5 F50\r\n;*** Lift Sequence End ***', u';<Delay> 2500;Wait for Motion Complated', ';<Slice> 45', u';<Delay> 8000', ';<Slice> Blank \r\n', u';*** Lift Sequence Start***\r\nG1 X100.0 Z50.0 F50\r\nG1 X-100.0 Z-49.5 F50\r\n;*** Lift Sequence End ***', u';<Delay> 2500;Wait for Motion Complated', ';<Slice> 46', u';<Delay> 8000', ';<Slice> Blank \r\n', u';*** Lift Sequence Start***\r\nG1 X100.0 Z50.0 F50\r\nG1 X-100.0 Z-49.5 F50\r\n;*** Lift Sequence End ***', u';<Delay> 2500;Wait for Motion Complated', ';<Slice> 47', u';<Delay> 8000', ';<Slice> Blank \r\n', u';*** Lift Sequence Start***\r\nG1 X100.0 Z50.0 F50\r\nG1 X-100.0 Z-49.5 F50\r\n;*** Lift Sequence End ***', u';<Delay> 2500;Wait for Motion Complated', ';<Slice> 48', u';<Delay> 8000', ';<Slice> Blank \r\n', u';*** Lift Sequence Start***\r\nG1 X100.0 Z50.0 F50\r\nG1 X-100.0 Z-49.5 F50\r\n;*** Lift Sequence End ***', u';<Delay> 2500;Wait for Motion Complated', ';<Slice> 49', u';<Delay> 8000', ';<Slice> Blank \r\n', u';*** Lift Sequence Start***\r\nG1 X100.0 Z50.0 F50\r\nG1 X-100.0 Z-49.5 F50\r\n;*** Lift Sequence End ***', u';<Delay> 2500;Wait for Motion Complated', ';<Slice> 50', u';<Delay> 8000', ';<Slice> Blank \r\n', u';*** Lift Sequence Start***\r\nG1 X100.0 Z50.0 F50\r\nG1 X-100.0 Z-49.5 F50\r\n;*** Lift Sequence End ***', u';<Delay> 2500;Wait for Motion Complated', ';<Slice> 51', u';<Delay> 8000', ';<Slice> Blank \r\n', u';*** Lift Sequence Start***\r\nG1 X100.0 Z50.0 F50\r\nG1 X-100.0 Z-49.5 F50\r\n;*** Lift Sequence End ***', u';<Delay> 2500;Wait for Motion Complated', ';<Slice> 52', u';<Delay> 8000', ';<Slice> Blank \r\n', u';*** Lift Sequence Start***\r\nG1 X100.0 Z50.0 F50\r\nG1 X-100.0 Z-49.5 F50\r\n;*** Lift Sequence End ***', u';<Delay> 2500;Wait for Motion Complated', ';<Slice> 53', u';<Delay> 8000', ';<Slice> Blank \r\n', u';*** Lift Sequence Start***\r\nG1 X100.0 Z50.0 F50\r\nG1 X-100.0 Z-49.5 F50\r\n;*** Lift Sequence End ***', u';<Delay> 2500;Wait for Motion Complated', ';<Slice> 54', u';<Delay> 8000', ';<Slice> Blank \r\n', u';*** Lift Sequence Start***\r\nG1 X100.0 Z50.0 F50\r\nG1 X-100.0 Z-49.5 F50\r\n;*** Lift Sequence End ***', u';<Delay> 2500;Wait for Motion Complated', ';<Slice> 55', u';<Delay> 8000', ';<Slice> Blank \r\n', u';*** Lift Sequence Start***\r\nG1 X100.0 Z50.0 F50\r\nG1 X-100.0 Z-49.5 F50\r\n;*** Lift Sequence End ***', u';<Delay> 2500;Wait for Motion Complated', ';<Slice> 56', u';<Delay> 8000', ';<Slice> Blank \r\n', u';*** Lift Sequence Start***\r\nG1 X100.0 Z50.0 F50\r\nG1 X-100.0 Z-49.5 F50\r\n;*** Lift Sequence End ***', u';<Delay> 2500;Wait for Motion Complated', ';<Slice> 57', u';<Delay> 8000', ';<Slice> Blank \r\n', u';*** Lift Sequence Start***\r\nG1 X100.0 Z50.0 F50\r\nG1 X-100.0 Z-49.5 F50\r\n;*** Lift Sequence End ***', u';<Delay> 2500;Wait for Motion Complated', ';<Slice> 58', u';<Delay> 8000', ';<Slice> Blank \r\n', u';*** Lift Sequence Start***\r\nG1 X100.0 Z50.0 F50\r\nG1 X-100.0 Z-49.5 F50\r\n;*** Lift Sequence End ***', u';<Delay> 2500;Wait for Motion Complated', ';<Slice> 59', u';<Delay> 8000', ';<Slice> Blank \r\n', u';*** Lift Sequence Start***\r\nG1 X100.0 Z50.0 F50\r\nG1 X-100.0 Z-49.5 F50\r\n;*** Lift Sequence End ***', u';<Delay> 2500;Wait for Motion Complated', ';<Slice> 60', u';<Delay> 8000', ';<Slice> Blank \r\n', u';*** Lift Sequence Start***\r\nG1 X100.0 Z50.0 F50\r\nG1 X-100.0 Z-49.5 F50\r\n;*** Lift Sequence End ***', u';<Delay> 2500;Wait for Motion Complated', ';<Slice> 61', u';<Delay> 8000', ';<Slice> Blank \r\n', u';*** Lift Sequence Start***\r\nG1 X100.0 Z50.0 F50\r\nG1 X-100.0 Z-49.5 F50\r\n;*** Lift Sequence End ***', u';<Delay> 2500;Wait for Motion Complated', ';<Slice> 62', u';<Delay> 8000', ';<Slice> Blank \r\n', u';*** Lift Sequence Start***\r\nG1 X100.0 Z50.0 F50\r\nG1 X-100.0 Z-49.5 F50\r\n;*** Lift Sequence End ***', u';<Delay> 2500;Wait for Motion Complated', ';<Slice> 63', u';<Delay> 8000', ';<Slice> Blank \r\n', u';*** Lift Sequence Start***\r\nG1 X100.0 Z50.0 F50\r\nG1 X-100.0 Z-49.5 F50\r\n;*** Lift Sequence End ***', u';<Delay> 2500;Wait for Motion Complated', ';<Slice> 64', u';<Delay> 8000', ';<Slice> Blank \r\n', u';*** Lift Sequence Start***\r\nG1 X100.0 Z50.0 F50\r\nG1 X-100.0 Z-49.5 F50\r\n;*** Lift Sequence End ***', u';<Delay> 2500;Wait for Motion Complated', ';<Slice> 65', u';<Delay> 8000', ';<Slice> Blank \r\n', u';*** Lift Sequence Start***\r\nG1 X100.0 Z50.0 F50\r\nG1 X-100.0 Z-49.5 F50\r\n;*** Lift Sequence End ***', u';<Delay> 2500;Wait for Motion Complated', ';<Slice> 66', u';<Delay> 8000', ';<Slice> Blank \r\n', u';*** Lift Sequence Start***\r\nG1 X100.0 Z50.0 F50\r\nG1 X-100.0 Z-49.5 F50\r\n;*** Lift Sequence End ***', u';<Delay> 2500;Wait for Motion Complated', ';<Slice> 67', u';<Delay> 8000', ';<Slice> Blank \r\n', u';*** Lift Sequence Start***\r\nG1 X100.0 Z50.0 F50\r\nG1 X-100.0 Z-49.5 F50\r\n;*** Lift Sequence End ***', u';<Delay> 2500;Wait for Motion Complated', ';<Slice> 68', u';<Delay> 8000', ';<Slice> Blank \r\n', u';*** Lift Sequence Start***\r\nG1 X100.0 Z50.0 F50\r\nG1 X-100.0 Z-49.5 F50\r\n;*** Lift Sequence End ***', u';<Delay> 2500;Wait for Motion Complated', ';<Slice> 69', u';<Delay> 8000', ';<Slice> Blank \r\n', u';*** Lift Sequence Start***\r\nG1 X100.0 Z50.0 F50\r\nG1 X-100.0 Z-49.5 F50\r\n;*** Lift Sequence End ***', u';<Delay> 2500;Wait for Motion Complated', ';<Slice> 70', u';<Delay> 8000', ';<Slice> Blank \r\n', u';*** Lift Sequence Start***\r\nG1 X100.0 Z50.0 F50\r\nG1 X-100.0 Z-49.5 F50\r\n;*** Lift Sequence End ***', u';<Delay> 2500;Wait for Motion Complated', ';<Slice> 71', u';<Delay> 8000', ';<Slice> Blank \r\n', u';*** Lift Sequence Start***\r\nG1 X100.0 Z50.0 F50\r\nG1 X-100.0 Z-49.5 F50\r\n;*** Lift Sequence End ***', u';<Delay> 2500;Wait for Motion Complated', ';<Slice> 72', u';<Delay> 8000', ';<Slice> Blank \r\n', u';*** Lift Sequence Start***\r\nG1 X100.0 Z50.0 F50\r\nG1 X-100.0 Z-49.5 F50\r\n;*** Lift Sequence End ***', u';<Delay> 2500;Wait for Motion Complated', ';<Slice> 73', u';<Delay> 8000', ';<Slice> Blank \r\n', u';*** Lift Sequence Start***\r\nG1 X100.0 Z50.0 F50\r\nG1 X-100.0 Z-49.5 F50\r\n;*** Lift Sequence End ***', u';<Delay> 2500;Wait for Motion Complated', ';<Slice> 74', u';<Delay> 8000', ';<Slice> Blank \r\n', u';*** Lift Sequence Start***\r\nG1 X100.0 Z50.0 F50\r\nG1 X-100.0 Z-49.5 F50\r\n;*** Lift Sequence End ***', u';<Delay> 2500;Wait for Motion Complated', ';<Slice> 75', u';<Delay> 8000', ';<Slice> Blank \r\n', u';*** Lift Sequence Start***\r\nG1 X100.0 Z50.0 F50\r\nG1 X-100.0 Z-49.5 F50\r\n;*** Lift Sequence End ***', u';<Delay> 2500;Wait for Motion Complated', ';<Slice> 76', u';<Delay> 8000', ';<Slice> Blank \r\n', u';*** Lift Sequence Start***\r\nG1 X100.0 Z50.0 F50\r\nG1 X-100.0 Z-49.5 F50\r\n;*** Lift Sequence End ***', u';<Delay> 2500;Wait for Motion Complated', ';<Slice> 77', u';<Delay> 8000', ';<Slice> Blank \r\n', u';*** Lift Sequence Start***\r\nG1 X100.0 Z50.0 F50\r\nG1 X-100.0 Z-49.5 F50\r\n;*** Lift Sequence End ***', u';<Delay> 2500;Wait for Motion Complated', ';<Slice> 78', u';<Delay> 8000', ';<Slice> Blank \r\n', u';*** Lift Sequence Start***\r\nG1 X100.0 Z50.0 F50\r\nG1 X-100.0 Z-49.5 F50\r\n;*** Lift Sequence End ***', u';<Delay> 2500;Wait for Motion Complated', ';<Slice> 79', u';<Delay> 8000', ';<Slice> Blank \r\n', u';*** Lift Sequence Start***\r\nG1 X100.0 Z50.0 F50\r\nG1 X-100.0 Z-49.5 F50\r\n;*** Lift Sequence End ***', u';<Delay> 2500;Wait for Motion Complated', ';<Slice> 80', u';<Delay> 8000', ';<Slice> Blank \r\n', u';*** Lift Sequence Start***\r\nG1 X100.0 Z50.0 F50\r\nG1 X-100.0 Z-49.5 F50\r\n;*** Lift Sequence End ***', u';<Delay> 2500;Wait for Motion Complated', ';<Slice> 81', u';<Delay> 8000', ';<Slice> Blank \r\n', u';*** Lift Sequence Start***\r\nG1 X100.0 Z50.0 F50\r\nG1 X-100.0 Z-49.5 F50\r\n;*** Lift Sequence End ***', u';<Delay> 2500;Wait for Motion Complated', ';<Slice> 82', u';<Delay> 8000', ';<Slice> Blank \r\n', u';*** Lift Sequence Start***\r\nG1 X100.0 Z50.0 F50\r\nG1 X-100.0 Z-49.5 F50\r\n;*** Lift Sequence End ***', u';<Delay> 2500;Wait for Motion Complated', ';<Slice> 83', u';<Delay> 8000', ';<Slice> Blank \r\n', u';*** Lift Sequence Start***\r\nG1 X100.0 Z50.0 F50\r\nG1 X-100.0 Z-49.5 F50\r\n;*** Lift Sequence End ***', u';<Delay> 2500;Wait for Motion Complated', ';<Slice> 84', u';<Delay> 8000', ';<Slice> Blank \r\n', u';*** Lift Sequence Start***\r\nG1 X100.0 Z50.0 F50\r\nG1 X-100.0 Z-49.5 F50\r\n;*** Lift Sequence End ***', u';<Delay> 2500;Wait for Motion Complated', ';<Slice> 85', u';<Delay> 8000', ';<Slice> Blank \r\n', u';*** Lift Sequence Start***\r\nG1 X100.0 Z50.0 F50\r\nG1 X-100.0 Z-49.5 F50\r\n;*** Lift Sequence End ***', u';<Delay> 2500;Wait for Motion Complated', ';<Slice> 86', u';<Delay> 8000', ';<Slice> Blank \r\n', u';*** Lift Sequence Start***\r\nG1 X100.0 Z50.0 F50\r\nG1 X-100.0 Z-49.5 F50\r\n;*** Lift Sequence End ***', u';<Delay> 2500;Wait for Motion Complated', ';<Slice> 87', u';<Delay> 8000', ';<Slice> Blank \r\n', u';*** Lift Sequence Start***\r\nG1 X100.0 Z50.0 F50\r\nG1 X-100.0 Z-49.5 F50\r\n;*** Lift Sequence End ***', u';<Delay> 2500;Wait for Motion Complated', ';<Slice> 88', u';<Delay> 8000', ';<Slice> Blank \r\n', u';*** Lift Sequence Start***\r\nG1 X100.0 Z50.0 F50\r\nG1 X-100.0 Z-49.5 F50\r\n;*** Lift Sequence End ***', u';<Delay> 2500;Wait for Motion Complated', ';<Slice> 89', u';<Delay> 8000', ';<Slice> Blank \r\n', u';*** Lift Sequence Start***\r\nG1 X100.0 Z50.0 F50\r\nG1 X-100.0 Z-49.5 F50\r\n;*** Lift Sequence End ***', u';<Delay> 2500;Wait for Motion Complated', ';<Slice> 90', u';<Delay> 8000', ';<Slice> Blank \r\n', u';*** Lift Sequence Start***\r\nG1 X100.0 Z50.0 F50\r\nG1 X-100.0 Z-49.5 F50\r\n;*** Lift Sequence End ***', u';<Delay> 2500;Wait for Motion Complated', ';<Slice> 91', u';<Delay> 8000', ';<Slice> Blank \r\n', u';*** Lift Sequence Start***\r\nG1 X100.0 Z50.0 F50\r\nG1 X-100.0 Z-49.5 F50\r\n;*** Lift Sequence End ***', u';<Delay> 2500;Wait for Motion Complated', ';<Slice> 92', u';<Delay> 8000', ';<Slice> Blank \r\n', u';*** Lift Sequence Start***\r\nG1 X100.0 Z50.0 F50\r\nG1 X-100.0 Z-49.5 F50\r\n;*** Lift Sequence End ***', u';<Delay> 2500;Wait for Motion Complated', ';<Slice> 93', u';<Delay> 8000', ';<Slice> Blank \r\n', u';*** Lift Sequence Start***\r\nG1 X100.0 Z50.0 F50\r\nG1 X-100.0 Z-49.5 F50\r\n;*** Lift Sequence End ***', u';<Delay> 2500;Wait for Motion Complated', ';<Slice> 94', u';<Delay> 8000', ';<Slice> Blank \r\n', u';*** Lift Sequence Start***\r\nG1 X100.0 Z50.0 F50\r\nG1 X-100.0 Z-49.5 F50\r\n;*** Lift Sequence End ***', u';<Delay> 2500;Wait for Motion Complated', ';<Slice> 95', u';<Delay> 8000', ';<Slice> Blank \r\n', u';*** Lift Sequence Start***\r\nG1 X100.0 Z50.0 F50\r\nG1 X-100.0 Z-49.5 F50\r\n;*** Lift Sequence End ***', u';<Delay> 2500;Wait for Motion Complated', ';<Slice> 96', u';<Delay> 8000', ';<Slice> Blank \r\n', u';*** Lift Sequence Start***\r\nG1 X100.0 Z50.0 F50\r\nG1 X-100.0 Z-49.5 F50\r\n;*** Lift Sequence End ***', u';<Delay> 2500;Wait for Motion Complated', ';<Slice> 97', u';<Delay> 8000', ';<Slice> Blank \r\n', u';*** Lift Sequence Start***\r\nG1 X100.0 Z50.0 F50\r\nG1 X-100.0 Z-49.5 F50\r\n;*** Lift Sequence End ***', u';<Delay> 2500;Wait for Motion Complated', ';<Slice> 98', u';<Delay> 8000', ';<Slice> Blank \r\n', u';*** Lift Sequence Start***\r\nG1 X100.0 Z50.0 F50\r\nG1 X-100.0 Z-49.5 F50\r\n;*** Lift Sequence End ***', u';<Delay> 2500;Wait for Motion Complated', u';*** Footer Start ***\r\nM18 ;Disable Motors\r\n;<Completed>\r\n;*** Footer End ***']
2015-09-24 15:45:47,400 DEBUG *** gcodegenerator.py started ***
2015-09-24 15:45:47,400 DEBUG *** ------------------------- ***
2015-09-24 15:45:47,401 DEBUG json files loaded
2015-09-24 15:45:47,401 DEBUG input file is: /Users/gnexlab_imac/code/dlp_raspi/RaspiDLP/nodeDLP/downloadDir/Archive.zip
2015-09-24 15:45:47,434 DEBUG input file unziped to: /Users/gnexlab_imac/code/dlp_raspi/RaspiDLP/nodeDLP/printDataDir
2015-09-24 15:45:47,435 DEBUG number number_of_slices: 99
2015-09-24 15:45:47,436 DEBUG gcode generated and saved to /Users/gnexlab_imac/code/dlp_raspi/RaspiDLP/nodeDLP/printDataDir/gcodefile.txt
2015-09-24 23:10:24,370 DEBUG *** gcodegenerator.py started ***
2015-09-24 23:10:24,370 DEBUG *** ------------------------- ***
2015-09-24 23:10:24,371 DEBUG json files loaded
2015-09-24 23:10:24,371 DEBUG input file is: /Users/gnexlab_imac/code/dlp_raspi/RaspiDLP/nodeDLP/downloadDir/Archive.zip
2015-09-24 23:10:24,404 DEBUG input file unziped to: /Users/gnexlab_imac/code/dlp_raspi/RaspiDLP/nodeDLP/printDataDir
2015-09-24 23:10:24,405 DEBUG number number_of_slices: 99
2015-09-24 23:10:24,407 DEBUG gcode generated and saved to /Users/gnexlab_imac/code/dlp_raspi/RaspiDLP/nodeDLP/printDataDir/gcodefile.txt
2015-09-24 23:10:24,407 DEBUG *** gcodegenerator.py ended ***
2015-09-24 23:10:30,558 DEBUG *** gcodegenerator.py started ***
2015-09-24 23:10:30,558 DEBUG *** ------------------------- ***
2015-09-24 23:10:30,558 DEBUG json files loaded
2015-09-24 23:10:30,558 DEBUG input file is: /Users/gnexlab_imac/code/dlp_raspi/RaspiDLP/nodeDLP/downloadDir/Archive.zip
2015-09-24 23:10:30,600 DEBUG input file unziped to: /Users/gnexlab_imac/code/dlp_raspi/RaspiDLP/nodeDLP/printDataDir
2015-09-24 23:10:30,601 DEBUG number number_of_slices: 99
2015-09-24 23:10:30,602 DEBUG gcode generated and saved to /Users/gnexlab_imac/code/dlp_raspi/RaspiDLP/nodeDLP/printDataDir/gcodefile.txt
2015-09-24 23:10:30,603 DEBUG *** gcodegenerator.py ended ***
2015-09-25 12:13:33,674 DEBUG *** gcodegenerator.py started ***
2015-09-25 12:13:33,675 DEBUG *** ------------------------- ***
2015-09-25 12:13:33,675 DEBUG json files loaded
2015-09-25 12:13:33,675 DEBUG input file is: /Users/gnexlab_imac/code/dlp_raspi/RaspiDLP/nodeDLP/downloadDir/Archive.zip
2015-09-25 12:13:33,707 DEBUG input file unziped to: /Users/gnexlab_imac/code/dlp_raspi/RaspiDLP/nodeDLP/printDataDir
2015-09-25 12:14:59,028 DEBUG *** gcodegenerator.py started ***
2015-09-25 12:14:59,028 DEBUG *** ------------------------- ***
2015-09-25 12:14:59,029 DEBUG json files loaded
2015-09-25 12:14:59,029 DEBUG input file is: /Users/gnexlab_imac/code/dlp_raspi/RaspiDLP/nodeDLP/downloadDir/Archive.zip
2015-09-25 12:14:59,067 DEBUG input file unziped to: /Users/gnexlab_imac/code/dlp_raspi/RaspiDLP/nodeDLP/printDataDir
2015-09-25 12:15:30,418 DEBUG *** gcodegenerator.py started ***
2015-09-25 12:15:30,418 DEBUG *** ------------------------- ***
2015-09-25 12:15:30,418 DEBUG json files loaded
2015-09-25 12:15:30,418 DEBUG input file is: /Users/gnexlab_imac/code/dlp_raspi/RaspiDLP/nodeDLP/downloadDir/Archive.zip
2015-09-25 12:15:30,447 DEBUG input file unziped to: /Users/gnexlab_imac/code/dlp_raspi/RaspiDLP/nodeDLP/printDataDir
2015-09-25 12:16:30,861 DEBUG *** gcodegenerator.py started ***
2015-09-25 12:16:30,861 DEBUG *** ------------------------- ***
2015-09-25 12:16:30,861 DEBUG json files loaded
2015-09-25 12:16:30,861 DEBUG input file is: /Users/gnexlab_imac/code/dlp_raspi/RaspiDLP/nodeDLP/downloadDir/Archive.zip
2015-09-25 12:16:30,895 DEBUG input file unziped to: /Users/gnexlab_imac/code/dlp_raspi/RaspiDLP/nodeDLP/printDataDir
2015-09-25 12:18:09,343 DEBUG *** gcodegenerator.py started ***
2015-09-25 12:18:09,343 DEBUG *** ------------------------- ***
2015-09-25 12:18:09,343 DEBUG json files loaded
2015-09-25 12:18:09,343 DEBUG input file is: /Users/gnexlab_imac/code/dlp_raspi/RaspiDLP/nodeDLP/downloadDir/Archive.zip
2015-09-25 12:18:09,374 DEBUG input file unziped to: /Users/gnexlab_imac/code/dlp_raspi/RaspiDLP/nodeDLP/printDataDir
2015-09-25 12:18:45,556 DEBUG *** gcodegenerator.py started ***
2015-09-25 12:18:45,556 DEBUG *** ------------------------- ***
2015-09-25 12:18:45,556 DEBUG json files loaded
2015-09-25 12:18:45,557 DEBUG input file is: /Users/gnexlab_imac/code/dlp_raspi/RaspiDLP/nodeDLP/downloadDir/Archive.zip
2015-09-25 12:18:45,594 DEBUG input file unziped to: /Users/gnexlab_imac/code/dlp_raspi/RaspiDLP/nodeDLP/printDataDir
2015-09-25 12:57:07,238 DEBUG *** gcodegenerator.py started ***
2015-09-25 12:57:07,238 DEBUG *** ------------------------- ***
2015-09-25 12:57:07,238 DEBUG json files loaded
2015-09-25 12:57:07,238 DEBUG input file is: /Users/gnexlab_imac/code/dlp_raspi/RaspiDLP/nodeDLP/downloadDir/Archive.zip
2015-09-25 12:57:07,272 DEBUG input file unziped to: /Users/gnexlab_imac/code/dlp_raspi/RaspiDLP/nodeDLP/printDataDir
2015-09-25 12:57:07,274 DEBUG number number_of_slices: 99
2015-09-25 12:57:07,275 DEBUG gcode generated and saved to /Users/gnexlab_imac/code/dlp_raspi/RaspiDLP/nodeDLP/printDataDir/printGcode.gcode
2015-09-25 12:57:07,275 DEBUG *** gcodegenerator.py ended ***
2015-09-25 13:05:59,215 DEBUG *** gcodegenerator.py started ***
2015-09-25 13:05:59,216 DEBUG *** ------------------------- ***
2015-09-25 13:05:59,216 DEBUG json files loaded
2015-09-25 13:05:59,216 DEBUG input file is: /Users/gnexlab_imac/code/dlp_raspi/RaspiDLP/nodeDLP/downloadDir/Archive.zip
2015-09-25 13:05:59,290 DEBUG input file unziped to: /Users/gnexlab_imac/code/dlp_raspi/RaspiDLP/nodeDLP/printDataDir
2015-09-25 13:05:59,291 DEBUG number number_of_slices: 100
2015-09-25 13:05:59,293 DEBUG gcode generated and saved to /Users/gnexlab_imac/code/dlp_raspi/RaspiDLP/nodeDLP/printDataDir/printGcode.gcode
2015-09-25 13:05:59,293 DEBUG *** gcodegenerator.py ended ***
2015-09-25 13:06:30,868 DEBUG *** gcodegenerator.py started ***
2015-09-25 13:06:30,868 DEBUG *** ------------------------- ***
2015-09-25 13:06:30,868 DEBUG json files loaded
2015-09-25 13:06:30,868 DEBUG input file is: /Users/gnexlab_imac/code/dlp_raspi/RaspiDLP/nodeDLP/downloadDir/Archive.zip
2015-09-25 13:06:30,926 DEBUG input file unziped to: /Users/gnexlab_imac/code/dlp_raspi/RaspiDLP/nodeDLP/printDataDir
2015-09-25 13:06:30,927 DEBUG number number_of_slices: 100
2015-09-25 13:06:30,928 DEBUG gcode generated and saved to /Users/gnexlab_imac/code/dlp_raspi/RaspiDLP/nodeDLP/printDataDir/printGcode.gcode
2015-09-25 13:06:30,929 DEBUG *** gcodegenerator.py ended ***
2015-09-25 13:08:10,626 DEBUG *** printManager.py started ***
2015-09-25 13:08:10,627 DEBUG *** ------------------------- ***
2015-09-25 13:08:43,670 DEBUG *** printManager.py started ***
2015-09-25 13:08:43,670 DEBUG *** ------------------------- ***
2015-09-25 13:08:43,671 DEBUG json files loaded
2015-09-25 13:08:58,778 DEBUG *** printManager.py started ***
2015-09-25 13:08:58,778 DEBUG *** ------------------------- ***
2015-09-25 13:08:58,778 DEBUG json files loaded
2015-09-25 13:10:42,650 DEBUG *** printManager.py started ***
2015-09-25 13:10:42,650 DEBUG *** ------------------------- ***
2015-09-25 13:10:42,650 DEBUG json files loaded
2015-09-25 13:10:42,650 DEBUG gameinit started
2015-09-25 13:11:32,824 DEBUG *** printManager.py started ***
2015-09-25 13:11:32,824 DEBUG *** ------------------------- ***
2015-09-25 13:11:32,824 DEBUG json files loaded
2015-09-25 13:11:32,824 DEBUG gameinit started
2015-09-25 13:13:22,848 DEBUG *** printManager.py started ***
2015-09-25 13:13:22,848 DEBUG *** ------------------------- ***
2015-09-25 13:13:22,848 DEBUG json files loaded
2015-09-25 13:13:22,848 DEBUG gameinit started
2015-09-25 13:13:23,105 DEBUG gameinit complated
2015-09-25 13:13:55,675 DEBUG *** printManager.py started ***
2015-09-25 13:13:55,675 DEBUG *** ------------------------- ***
2015-09-25 13:13:55,676 DEBUG json files loaded
2015-09-25 13:13:55,676 DEBUG gameinit started
2015-09-25 13:13:55,924 DEBUG gameinit complated
2015-09-25 13:52:08,579 DEBUG *** printManager.py started ***
2015-09-25 13:52:08,580 DEBUG *** ------------------------- ***
2015-09-25 13:52:08,580 DEBUG json files loaded
2015-09-25 13:52:08,580 DEBUG gameinit started
2015-09-25 13:52:08,854 DEBUG gameinit complated
2015-09-25 13:53:57,693 DEBUG *** printManager.py started ***
2015-09-25 13:53:57,693 DEBUG *** ------------------------- ***
2015-09-25 13:53:57,693 DEBUG json files loaded
2015-09-25 13:53:57,694 DEBUG gameinit started
2015-09-25 13:53:57,970 DEBUG gameinit complated
2015-09-25 13:55:55,654 DEBUG *** gcodegenerator.py started ***
2015-09-25 13:55:55,654 DEBUG *** ------------------------- ***
2015-09-25 13:55:55,654 DEBUG json files loaded
2015-09-25 13:55:55,654 DEBUG input file is: /Users/gnexlab_imac/code/dlp_raspi/RaspiDLP/nodeDLP/downloadDir/Archive.zip
2015-09-25 13:55:55,712 DEBUG input file unziped to: /Users/gnexlab_imac/code/dlp_raspi/RaspiDLP/nodeDLP/printDataDir
2015-09-25 13:55:55,713 DEBUG number number_of_slices: 100
2015-09-25 13:55:55,714 DEBUG gcode generated and saved to /Users/gnexlab_imac/code/dlp_raspi/RaspiDLP/nodeDLP/printDataDir/printGcode.gcode
2015-09-25 13:55:55,714 DEBUG *** gcodegenerator.py ended ***
2015-09-25 13:56:17,590 DEBUG *** gcodegenerator.py started ***
2015-09-25 13:56:17,590 DEBUG *** ------------------------- ***
2015-09-25 13:56:17,591 DEBUG json files loaded
2015-09-25 13:56:17,591 DEBUG input file is: /Users/gnexlab_imac/code/dlp_raspi/RaspiDLP/nodeDLP/downloadDir/Archive.zip
2015-09-25 13:56:17,644 DEBUG input file unziped to: /Users/gnexlab_imac/code/dlp_raspi/RaspiDLP/nodeDLP/printDataDir
2015-09-25 13:56:17,646 DEBUG number number_of_slices: 100
2015-09-25 13:56:17,647 DEBUG gcode generated and saved to /Users/gnexlab_imac/code/dlp_raspi/RaspiDLP/nodeDLP/printDataDir/printGcode.gcode
2015-09-25 13:56:17,647 DEBUG *** gcodegenerator.py ended ***
2015-09-25 13:56:28,015 DEBUG *** printManager.py started ***
2015-09-25 13:56:28,015 DEBUG *** ------------------------- ***
2015-09-25 13:56:28,015 DEBUG json files loaded
2015-09-25 13:56:28,015 DEBUG gameinit started
2015-09-25 13:56:28,296 DEBUG gameinit complated
2015-09-25 13:57:26,306 DEBUG *** gcodegenerator.py started ***
2015-09-25 13:57:26,306 DEBUG *** ------------------------- ***
2015-09-25 13:57:26,306 DEBUG json files loaded
2015-09-25 13:57:26,306 DEBUG input file is: /Users/gnexlab_imac/code/dlp_raspi/RaspiDLP/nodeDLP/downloadDir/Archive.zip
2015-09-25 13:57:26,362 DEBUG input file unziped to: /Users/gnexlab_imac/code/dlp_raspi/RaspiDLP/nodeDLP/printDataDir
2015-09-25 13:57:26,363 DEBUG number number_of_slices: 100
2015-09-25 13:57:26,364 DEBUG gcode generated and saved to /Users/gnexlab_imac/code/dlp_raspi/RaspiDLP/nodeDLP/printDataDir/printGcode.gcode
2015-09-25 13:57:26,364 DEBUG *** gcodegenerator.py ended ***
2015-09-25 13:58:08,240 DEBUG *** printManager.py started ***
2015-09-25 13:58:08,240 DEBUG *** ------------------------- ***
2015-09-25 13:58:08,241 DEBUG json files loaded
2015-09-25 13:58:08,241 DEBUG gameinit started
2015-09-25 13:58:08,489 DEBUG gameinit complated
2015-09-25 13:59:17,528 DEBUG *** printManager.py started ***
2015-09-25 13:59:17,528 DEBUG *** ------------------------- ***
2015-09-25 13:59:17,528 DEBUG json files loaded
2015-09-25 13:59:17,528 DEBUG gameinit started
2015-09-25 13:59:17,810 DEBUG gameinit complated
2015-09-25 14:00:42,724 DEBUG *** printManager.py started ***
2015-09-25 14:00:42,724 DEBUG *** ------------------------- ***
2015-09-25 14:00:42,724 DEBUG json files loaded
2015-09-25 14:00:42,724 DEBUG gameinit started
2015-09-25 14:00:42,993 DEBUG gameinit complated
2015-09-25 14:01:49,605 DEBUG *** printManager.py started ***
2015-09-25 14:01:49,605 DEBUG *** ------------------------- ***
2015-09-25 14:01:49,605 DEBUG json files loaded
2015-09-25 14:01:49,605 DEBUG gameinit started
2015-09-25 14:01:49,875 DEBUG gameinit complated
2015-09-25 14:02:37,790 DEBUG *** printManager.py started ***
2015-09-25 14:02:37,790 DEBUG *** ------------------------- ***
2015-09-25 14:02:37,790 DEBUG json files loaded
2015-09-25 14:02:37,790 DEBUG gameinit started
2015-09-25 14:02:38,050 DEBUG gameinit complated
2015-09-25 14:03:52,622 DEBUG *** printManager.py started ***
2015-09-25 14:03:52,622 DEBUG *** ------------------------- ***
2015-09-25 14:03:52,622 DEBUG json files loaded
2015-09-25 14:03:52,622 DEBUG gameinit started
2015-09-25 14:03:52,890 DEBUG gameinit complated
2015-09-25 14:04:52,641 DEBUG *** printManager.py started ***
2015-09-25 14:04:52,641 DEBUG *** ------------------------- ***
2015-09-25 14:04:52,641 DEBUG json files loaded
2015-09-25 14:04:52,641 DEBUG gameinit started
2015-09-25 14:04:52,910 DEBUG gameinit complated
2015-09-25 14:05:44,954 DEBUG *** printManager.py started ***
2015-09-25 14:05:44,954 DEBUG *** ------------------------- ***
2015-09-25 14:05:44,954 DEBUG json files loaded
2015-09-25 14:05:44,954 DEBUG gameinit started
2015-09-25 14:05:45,199 DEBUG gameinit complated
2015-09-25 14:06:24,345 DEBUG *** gcodegenerator.py started ***
2015-09-25 14:06:24,345 DEBUG *** ------------------------- ***
2015-09-25 14:06:24,345 DEBUG json files loaded
2015-09-25 14:06:24,345 DEBUG input file is: /Users/gnexlab_imac/code/dlp_raspi/RaspiDLP/nodeDLP/downloadDir/Archive.zip
2015-09-25 14:06:24,402 DEBUG input file unziped to: /Users/gnexlab_imac/code/dlp_raspi/RaspiDLP/nodeDLP/printDataDir
2015-09-25 14:06:24,403 DEBUG number number_of_slices: 100
2015-09-25 14:06:24,404 DEBUG gcode generated and saved to /Users/gnexlab_imac/code/dlp_raspi/RaspiDLP/nodeDLP/printDataDir/printGcode.gcode
2015-09-25 14:06:24,405 DEBUG *** gcodegenerator.py ended ***
2015-09-25 14:06:38,605 DEBUG *** printManager.py started ***
2015-09-25 14:06:38,605 DEBUG *** ------------------------- ***
2015-09-25 14:06:38,605 DEBUG json files loaded
2015-09-25 14:06:38,605 DEBUG gameinit started
2015-09-25 14:06:38,858 DEBUG gameinit complated
2015-09-25 14:07:25,263 DEBUG *** gcodegenerator.py started ***
2015-09-25 14:07:25,264 DEBUG *** ------------------------- ***
2015-09-25 14:07:25,264 DEBUG json files loaded
2015-09-25 14:07:25,264 DEBUG input file is: /Users/gnexlab_imac/code/dlp_raspi/RaspiDLP/nodeDLP/downloadDir/Archive.zip
2015-09-25 14:07:25,321 DEBUG input file unziped to: /Users/gnexlab_imac/code/dlp_raspi/RaspiDLP/nodeDLP/printDataDir
2015-09-25 14:07:25,322 DEBUG number number_of_slices: 100
2015-09-25 14:07:25,323 DEBUG gcode generated and saved to /Users/gnexlab_imac/code/dlp_raspi/RaspiDLP/nodeDLP/printDataDir/printGcode.gcode
2015-09-25 14:07:25,323 DEBUG *** gcodegenerator.py ended ***
2015-09-25 14:07:30,137 DEBUG *** printManager.py started ***
2015-09-25 14:07:30,137 DEBUG *** ------------------------- ***
2015-09-25 14:07:30,137 DEBUG json files loaded
2015-09-25 14:07:30,137 DEBUG gameinit started
2015-09-25 14:07:30,435 DEBUG gameinit complated
2015-09-25 14:09:28,307 DEBUG *** printManager.py started ***
2015-09-25 14:09:28,308 DEBUG *** ------------------------- ***
2015-09-25 14:09:28,308 DEBUG json files loaded
2015-09-25 14:09:28,308 DEBUG gameinit started
2015-09-25 14:09:28,601 DEBUG gameinit complated
2015-09-25 14:12:53,801 DEBUG *** printManager.py started ***
2015-09-25 14:12:53,802 DEBUG *** ------------------------- ***
2015-09-25 14:12:53,802 DEBUG json files loaded
2015-09-25 14:12:53,802 DEBUG gameinit started
2015-09-25 14:12:54,058 DEBUG gameinit complated
2015-09-25 14:14:19,035 DEBUG *** gcodegenerator.py started ***
2015-09-25 14:14:19,035 DEBUG *** ------------------------- ***
2015-09-25 14:14:19,035 DEBUG json files loaded
2015-09-25 14:14:19,035 DEBUG input file is: /Users/gnexlab_imac/code/dlp_raspi/RaspiDLP/nodeDLP/downloadDir/Archive.zip
2015-09-25 14:14:19,092 DEBUG input file unziped to: /Users/gnexlab_imac/code/dlp_raspi/RaspiDLP/nodeDLP/printDataDir
2015-09-25 14:14:19,093 DEBUG number number_of_slices: 100
2015-09-25 14:14:19,094 DEBUG gcode generated and saved to /Users/gnexlab_imac/code/dlp_raspi/RaspiDLP/nodeDLP/printDataDir/printGcode.gcode
2015-09-25 14:14:19,094 DEBUG *** gcodegenerator.py ended ***
2015-09-25 14:14:21,301 DEBUG *** printManager.py started ***
2015-09-25 14:14:21,301 DEBUG *** ------------------------- ***
2015-09-25 14:14:21,302 DEBUG json files loaded
2015-09-25 14:14:21,302 DEBUG gameinit started
2015-09-25 14:14:21,610 DEBUG gameinit complated
2015-09-25 15:10:15,609 DEBUG *** printManager.py started ***
2015-09-25 15:10:15,609 DEBUG *** ------------------------- ***
2015-09-25 15:10:15,609 DEBUG json files loaded
2015-09-25 15:10:15,609 DEBUG gameinit started
2015-09-25 15:10:16,183 DEBUG gameinit complated
2015-09-25 15:28:46,946 DEBUG *** printManager.py started ***
2015-09-25 15:28:46,946 DEBUG *** ------------------------- ***
2015-09-25 15:28:46,946 DEBUG json files loaded
2015-09-25 15:28:46,946 DEBUG gameinit started
2015-09-25 15:29:06,070 DEBUG *** printManager.py started ***
2015-09-25 15:29:06,070 DEBUG *** ------------------------- ***
2015-09-25 15:29:06,070 DEBUG json files loaded
2015-09-25 15:29:06,070 DEBUG gameinit started
2015-09-25 15:29:06,337 DEBUG gameinit complated
2015-09-25 16:16:04,974 DEBUG *** printManager.py started ***
2015-09-25 16:16:04,974 DEBUG *** ------------------------- ***
2015-09-25 16:16:04,975 DEBUG json files loaded
2015-09-25 16:16:04,975 DEBUG gameinit started
2015-09-25 16:16:05,976 DEBUG gameinit complated
2015-09-25 18:39:13,496 DEBUG *** printManager.py started ***
2015-09-25 18:39:13,496 DEBUG *** ------------------------- ***
2015-09-25 18:39:13,506 DEBUG json files loaded
2015-09-25 18:39:13,506 DEBUG gameinit started
2015-09-25 18:39:14,025 DEBUG gameinit complated
2015-09-25 20:11:42,262 DEBUG *** printManager.py started ***
2015-09-25 20:11:42,262 DEBUG *** ------------------------- ***
2015-09-25 20:11:42,262 DEBUG json files loaded
2015-09-25 20:11:42,262 DEBUG gameinit started
2015-09-25 20:11:42,506 DEBUG gameinit complated
2015-09-25 20:13:09,397 DEBUG *** printManager.py started ***
2015-09-25 20:13:09,397 DEBUG *** ------------------------- ***
2015-09-25 20:13:09,397 DEBUG json files loaded
2015-09-25 20:13:09,397 DEBUG gameinit started
2015-09-25 20:13:09,603 DEBUG gameinit complated
2015-09-25 20:13:40,437 DEBUG *** printManager.py started ***
2015-09-25 20:13:40,437 DEBUG *** ------------------------- ***
2015-09-25 20:13:40,437 DEBUG json files loaded
2015-09-25 20:13:40,437 DEBUG gameinit started
2015-09-25 20:13:40,673 DEBUG gameinit complated
2015-09-25 20:18:44,533 DEBUG *** printManager.py started ***
2015-09-25 20:18:44,533 DEBUG *** ------------------------- ***
2015-09-25 20:18:44,534 DEBUG json files loaded
2015-09-25 20:18:44,534 DEBUG gameinit started
2015-09-25 20:18:44,728 DEBUG gameinit complated
2015-09-25 20:21:56,264 DEBUG *** printManager.py started ***
2015-09-25 20:21:56,265 DEBUG *** ------------------------- ***
2015-09-25 20:21:56,265 DEBUG json files loaded
2015-09-25 20:21:56,265 DEBUG gameinit started
2015-09-25 20:21:56,465 DEBUG gameinit complated
2015-09-25 20:22:59,410 DEBUG *** printManager.py started ***
2015-09-25 20:22:59,410 DEBUG *** ------------------------- ***
2015-09-25 20:22:59,410 DEBUG json files loaded
2015-09-25 20:22:59,411 DEBUG gameinit started
2015-09-25 20:22:59,615 DEBUG gameinit complated
